==429786== Memcheck, a memory error detector
==429786== Copyright (C) 2002-2017, and GNU GPL'd, by Julian Seward et al.
==429786== Using Valgrind-3.15.0 and LibVEX; rerun with -h for copyright info
==429786== Command: ./a.out
==429786== Parent PID: 415985
==429786== 
==429786== 
==429786== HEAP SUMMARY:
==429786==     in use at exit: 167 bytes in 7 blocks
==429786==   total heap usage: 423 allocs, 416 frees, 190,485 bytes allocated
==429786== 
==429786== 32 bytes in 1 blocks are indirectly lost in loss record 1 of 4
==429786==    at 0x483BE63: operator new(unsigned long) (vg_replace_malloc.c:344)
==429786==    by 0x10AB74: queue::enqueue(char*) (queue.cpp:48)
==429786==    by 0x10A639: main (main.cpp:70)
==429786== 
==429786== 39 bytes in 3 blocks are indirectly lost in loss record 2 of 4
==429786==    at 0x483C583: operator new[](unsigned long) (vg_replace_malloc.c:433)
==429786==    by 0x10958C: entry::create_entry(char*) (entry.cpp:28)
==429786==    by 0x10AB11: queue::enqueue(char*) (queue.cpp:38)
==429786==    by 0x10A639: main (main.cpp:70)
==429786== 
==429786== 64 bytes in 2 blocks are indirectly lost in loss record 3 of 4
==429786==    at 0x483BE63: operator new(unsigned long) (vg_replace_malloc.c:344)
==429786==    by 0x10AAEF: queue::enqueue(char*) (queue.cpp:37)
==429786==    by 0x10A639: main (main.cpp:70)
==429786== 
==429786== 167 (32 direct, 135 indirect) bytes in 1 blocks are definitely lost in loss record 4 of 4
==429786==    at 0x483BE63: operator new(unsigned long) (vg_replace_malloc.c:344)
==429786==    by 0x10AAEF: queue::enqueue(char*) (queue.cpp:37)
==429786==    by 0x10A639: main (main.cpp:70)
==429786== 
==429786== LEAK SUMMARY:
==429786==    definitely lost: 32 bytes in 1 blocks
==429786==    indirectly lost: 135 bytes in 6 blocks
==429786==      possibly lost: 0 bytes in 0 blocks
==429786==    still reachable: 0 bytes in 0 blocks
==429786==         suppressed: 0 bytes in 0 blocks
==429786== 
==429786== ERROR SUMMARY: 1 errors from 1 contexts (suppressed: 0 from 0)
